<?xml version="1.0" encoding="UTF-8"?>
<!-- Generated by org.testng.reporters.JUnitXMLReporter -->
<testsuite hostname="AM-20160126PVBP" name="金融产品" tests="4" failures="0" timestamp="18 Jul 2016 05:43:28 GMT" time="46.256" errors="0">
  <testcase name="login" time="0.164" classname="SCM.TestCase.logintest"/>
  <testcase name="foodlist" time="7.371" classname="SCM.TestCase.FoodList"/>
  <testcase name="Search" time="6.227" classname="SCM.TestCase.OrderTest"/>
  <testcase name="kuncunchaxun" time="9.762" classname="SCM.TestCase.QTYTest"/>
</testsuite> <!-- 金融产品 -->
